# JRE version: OpenJDK Runtime Environment Microsoft-11369940 (21.0.7+6) (build 21.0.7+6-LTS)
# Java VM: OpenJDK 64-Bit Server VM Microsoft-11369940 (21.0.7+6-LTS, mixed mode, sharing, tiered, compressed oops, compressed class ptrs, g1 gc, windows-amd64)
GC Precious Log:
 CardTable entry size: 512
 Card Set container configuration: InlinePtr #cards 5 size 8 Array Of Cards #cards 12 size 40 Howl #buckets 4 coarsen threshold 1843 Howl Bitmap #cards 512 size 80 coarsen threshold 460 Card regions per heap region 1 cards per card region 2048
 CPUs: 32 total, 32 available
 Memory: 32472M
 Large Page Support: Disabled
 NUMA Support: Disabled
 Compressed Oops: Enabled (32-bit)
 Heap Region Size: 1M
 Heap Min Capacity: 256M
 Heap Initial Capacity: 256M
 Heap Max Capacity: 512M
 Pre-touch: Disabled
 Parallel Workers: 23
 Concurrent Workers: 6
 Concurrent Refinement Workers: 23
 Periodic GC: Disabled
Heap:
 garbage-first heap   total 281600K, used 200051K [0x00000000e0000000, 0x0000000100000000)
  region size 1024K, 65 young (66560K), 5 survivors (5120K)
 Metaspace       used 128012K, committed 130752K, reserved 458752K
  class space    used 16828K, committed 18176K, reserved 327680K
GC Heap History (20 events):
Event: 3.191 GC heap before
{Heap before GC invocations=6 (full 0):
 garbage-first heap   total 262144K, used 82778K [0x00000000e0000000, 0x0000000100000000)
  region size 1024K, 41 young (41984K), 18 survivors (18432K)
 Metaspace       used 35248K, committed 36288K, reserved 393216K
  class space    used 4937K, committed 5440K, reserved 327680K
}
Event: 3.196 GC heap after
{Heap after GC invocations=7 (full 0):
 garbage-first heap   total 262144K, used 60318K [0x00000000e0000000, 0x0000000100000000)
  region size 1024K, 3 young (3072K), 3 survivors (3072K)
 Metaspace       used 35248K, committed 36288K, reserved 393216K
  class space    used 4937K, committed 5440K, reserved 327680K
}
Event: 3.235 GC heap before
{Heap before GC invocations=7 (full 0):
 garbage-first heap   total 262144K, used 63390K [0x00000000e0000000, 0x0000000100000000)
  region size 1024K, 7 young (7168K), 3 survivors (3072K)
 Metaspace       used 35543K, committed 36608K, reserved 393216K
  class space    used 4990K, committed 5504K, reserved 327680K
}
Event: 3.236 GC heap after
{Heap after GC invocations=8 (full 0):
 garbage-first heap   total 262144K, used 60262K [0x00000000e0000000, 0x0000000100000000)
  region size 1024K, 3 young (3072K), 3 survivors (3072K)
 Metaspace       used 35543K, committed 36608K, reserved 393216K
  class space    used 4990K, committed 5504K, reserved 327680K
}
Event: 4.440 GC heap before
{Heap before GC invocations=9 (full 0):
 garbage-first heap   total 262144K, used 217958K [0x00000000e0000000, 0x0000000100000000)
  region size 1024K, 153 young (156672K), 3 survivors (3072K)
 Metaspace       used 48947K, committed 50560K, reserved 393216K
  class space    used 7029K, committed 7808K, reserved 327680K
}
Event: 4.446 GC heap after
{Heap after GC invocations=10 (full 0):
 garbage-first heap   total 262144K, used 69158K [0x00000000e0000000, 0x0000000100000000)
  region size 1024K, 11 young (11264K), 11 survivors (11264K)
 Metaspace       used 48947K, committed 50560K, reserved 393216K
  class space    used 7029K, committed 7808K, reserved 327680K
}
Event: 5.657 GC heap before
{Heap before GC invocations=10 (full 0):
 garbage-first heap   total 262144K, used 221734K [0x00000000e0000000, 0x0000000100000000)
  region size 1024K, 153 young (156672K), 11 survivors (11264K)
 Metaspace       used 52370K, committed 54016K, reserved 393216K
  class space    used 7400K, committed 8192K, reserved 327680K
}
Event: 5.662 GC heap after
{Heap after GC invocations=11 (full 0):
 garbage-first heap   total 262144K, used 83431K [0x00000000e0000000, 0x0000000100000000)
  region size 1024K, 16 young (16384K), 16 survivors (16384K)
 Metaspace       used 52370K, committed 54016K, reserved 393216K
  class space    used 7400K, committed 8192K, reserved 327680K
}
Event: 6.544 GC heap before
{Heap before GC invocations=11 (full 0):
 garbage-first heap   total 262144K, used 221671K [0x00000000e0000000, 0x0000000100000000)
  region size 1024K, 144 young (147456K), 16 survivors (16384K)
 Metaspace       used 59233K, committed 61120K, reserved 393216K
  class space    used 8261K, committed 9216K, reserved 327680K
}
Event: 6.551 GC heap after
{Heap after GC invocations=12 (full 0):
 garbage-first heap   total 262144K, used 93918K [0x00000000e0000000, 0x0000000100000000)
  region size 1024K, 10 young (10240K), 10 survivors (10240K)
 Metaspace       used 59233K, committed 61120K, reserved 393216K
  class space    used 8261K, committed 9216K, reserved 327680K
}
Event: 7.519 GC heap before
{Heap before GC invocations=13 (full 0):
 garbage-first heap   total 262144K, used 237278K [0x00000000e0000000, 0x0000000100000000)
  region size 1024K, 150 young (153600K), 10 survivors (10240K)
 Metaspace       used 78793K, committed 80832K, reserved 458752K
  class space    used 11218K, committed 12224K, reserved 327680K
}
Event: 7.523 GC heap after
{Heap after GC invocations=14 (full 0):
 garbage-first heap   total 262144K, used 99038K [0x00000000e0000000, 0x0000000100000000)
  region size 1024K, 15 young (15360K), 15 survivors (15360K)
 Metaspace       used 78793K, committed 80832K, reserved 458752K
  class space    used 11218K, committed 12224K, reserved 327680K
}
Event: 8.224 GC heap before
{Heap before GC invocations=14 (full 0):
 garbage-first heap   total 262144K, used 247518K [0x00000000e0000000, 0x0000000100000000)
  region size 1024K, 145 young (148480K), 15 survivors (15360K)
 Metaspace       used 90002K, committed 92032K, reserved 458752K
  class space    used 12312K, committed 13312K, reserved 327680K
}
Event: 8.240 GC heap after
{Heap after GC invocations=15 (full 0):
 garbage-first heap   total 281600K, used 124557K [0x00000000e0000000, 0x0000000100000000)
  region size 1024K, 19 young (19456K), 19 survivors (19456K)
 Metaspace       used 90002K, committed 92032K, reserved 458752K
  class space    used 12312K, committed 13312K, reserved 327680K
}
Event: 8.725 GC heap before
{Heap before GC invocations=15 (full 0):
 garbage-first heap   total 281600K, used 199309K [0x00000000e0000000, 0x0000000100000000)
  region size 1024K, 93 young (95232K), 19 survivors (19456K)
 Metaspace       used 99638K, committed 102016K, reserved 458752K
  class space    used 13559K, committed 14720K, reserved 327680K
}
Event: 8.732 GC heap after
{Heap after GC invocations=16 (full 0):
 garbage-first heap   total 281600K, used 130727K [0x00000000e0000000, 0x0000000100000000)
  region size 1024K, 5 young (5120K), 5 survivors (5120K)
 Metaspace       used 99638K, committed 102016K, reserved 458752K
  class space    used 13559K, committed 14720K, reserved 327680K
}
Event: 9.518 GC heap before
{Heap before GC invocations=17 (full 0):
 garbage-first heap   total 281600K, used 252583K [0x00000000e0000000, 0x0000000100000000)
  region size 1024K, 124 young (126976K), 5 survivors (5120K)
 Metaspace       used 108228K, committed 110720K, reserved 458752K
  class space    used 14532K, committed 15744K, reserved 327680K
}
Event: 9.522 GC heap after
{Heap after GC invocations=18 (full 0):
 garbage-first heap   total 281600K, used 137729K [0x00000000e0000000, 0x0000000100000000)
  region size 1024K, 13 young (13312K), 13 survivors (13312K)
 Metaspace       used 108228K, committed 110720K, reserved 458752K
  class space    used 14532K, committed 15744K, reserved 327680K
}
Event: 10.478 GC heap before
{Heap before GC invocations=18 (full 0):
 garbage-first heap   total 281600K, used 251393K [0x00000000e0000000, 0x0000000100000000)
  region size 1024K, 125 young (128000K), 13 survivors (13312K)
 Metaspace       used 123155K, committed 125568K, reserved 458752K
  class space    used 16074K, committed 17280K, reserved 327680K
}
Event: 10.482 GC heap after
{Heap after GC invocations=19 (full 0):
 garbage-first heap   total 281600K, used 140659K [0x00000000e0000000, 0x0000000100000000)
  region size 1024K, 5 young (5120K), 5 survivors (5120K)
 Metaspace       used 123155K, committed 125568K, reserved 458752K
  class space    used 16074K, committed 17280K, reserved 327680K
}

